Determining if the pthread_create exist failed with the following output:
Change Dir: /home/wil/projects/research/foundations-of-robotics/HW/coding/src/kinematics/src/foundations_hw2/build/CMakeFiles/CMakeTmp

Run Build Command:"/usr/bin/make" "cmTC_2ce2a/fast"
/usr/bin/make -f CMakeFiles/cmTC_2ce2a.dir/build.make CMakeFiles/cmTC_2ce2a.dir/build
make[1]: Entering directory '/home/wil/projects/research/foundations-of-robotics/HW/coding/src/kinematics/src/foundations_hw2/build/CMakeFiles/CMakeTmp'
Building C object CMakeFiles/cmTC_2ce2a.dir/CheckSymbolExists.c.o
/usr/bin/cc    -o CMakeFiles/cmTC_2ce2a.dir/CheckSymbolExists.c.o   -c /home/wil/projects/research/foundations-of-robotics/HW/coding/src/kinematics/src/foundations_hw2/build/CMakeFiles/CMakeTmp/CheckSymbolExists.c
Linking C executable cmTC_2ce2a
/usr/bin/cmake -E cmake_link_script CMakeFiles/cmTC_2ce2a.dir/link.txt --verbose=1
/usr/bin/cc      -rdynamic CMakeFiles/cmTC_2ce2a.dir/CheckSymbolExists.c.o  -o cmTC_2ce2a 
CMakeFiles/cmTC_2ce2a.dir/CheckSymbolExists.c.o: In function `main':
CheckSymbolExists.c:(.text+0x1b): undefined reference to `pthread_create'
collect2: error: ld returned 1 exit status
make[1]: *** [CMakeFiles/cmTC_2ce2a.dir/build.make:98: cmTC_2ce2a] Error 1
make[1]: Leaving directory '/home/wil/projects/research/foundations-of-robotics/HW/coding/src/kinematics/src/foundations_hw2/build/CMakeFiles/CMakeTmp'
make: *** [Makefile:126: cmTC_2ce2a/fast] Error 2

File /home/wil/projects/research/foundations-of-robotics/HW/coding/src/kinematics/src/foundations_hw2/build/CMakeFiles/CMakeTmp/CheckSymbolExists.c:
/* */
#include <pthread.h>

int main(int argc, char** argv)
{
  (void)argv;
#ifndef pthread_create
  return ((int*)(&pthread_create))[argc];
#else
  (void)argc;
  return 0;
#endif
}

Determining if the function pthread_create exists in the pthreads failed with the following output:
Change Dir: /home/wil/projects/research/foundations-of-robotics/HW/coding/src/kinematics/src/foundations_hw2/build/CMakeFiles/CMakeTmp

Run Build Command:"/usr/bin/make" "cmTC_54d28/fast"
/usr/bin/make -f CMakeFiles/cmTC_54d28.dir/build.make CMakeFiles/cmTC_54d28.dir/build
make[1]: Entering directory '/home/wil/projects/research/foundations-of-robotics/HW/coding/src/kinematics/src/foundations_hw2/build/CMakeFiles/CMakeTmp'
Building C object CMakeFiles/cmTC_54d28.dir/CheckFunctionExists.c.o
/usr/bin/cc   -DCHECK_FUNCTION_EXISTS=pthread_create   -o CMakeFiles/cmTC_54d28.dir/CheckFunctionExists.c.o   -c /usr/share/cmake-3.9/Modules/CheckFunctionExists.c
Linking C executable cmTC_54d28
/usr/bin/cmake -E cmake_link_script CMakeFiles/cmTC_54d28.dir/link.txt --verbose=1
/usr/bin/cc  -DCHECK_FUNCTION_EXISTS=pthread_create    -rdynamic CMakeFiles/cmTC_54d28.dir/CheckFunctionExists.c.o  -o cmTC_54d28 -lpthreads 
/usr/bin/ld: cannot find -lpthreads
collect2: error: ld returned 1 exit status
make[1]: *** [CMakeFiles/cmTC_54d28.dir/build.make:98: cmTC_54d28] Error 1
make[1]: Leaving directory '/home/wil/projects/research/foundations-of-robotics/HW/coding/src/kinematics/src/foundations_hw2/build/CMakeFiles/CMakeTmp'
make: *** [Makefile:126: cmTC_54d28/fast] Error 2


